----------------------------------
Processing test/lab6/06_func_ret_val2.sy 
line:6 @func should return a value of type i32

----------------------------------
Processing test/lab6/00_my_test.sy 
Line 4: identifier "a" being redefined

----------------------------------
Processing test/lab6/05_func_ret_val1.sy 
line:6 ret type error, should void, but i32

----------------------------------
Processing test/lab6/03_func_undef.sy 
line:9 function call @func - no matching function

----------------------------------
Processing test/lab6/08_cond_test.sy 
line:21 while - type i32 mismatched, convert to bool
line:19 while - type i32 mismatched, convert to bool
line:18 if - type i32 mismatched, convert to bool

----------------------------------
Processing test/lab6/02_var_redef.sy 
Line 6: identifier "b" being redefined

----------------------------------
Processing test/lab6/07_expr_test.sy 
line:13 ifelse - type i32 mismatched, convert to bool
line:19 function call @func1 - matched type void(i32)
line:19 function call @func2 - matched type void(i32)
line:19 declare - type mismatched between i32 and void

----------------------------------
Processing test/lab6/01_var_undef.sy 
Line 5: identifier "a" is undefined

----------------------------------
Processing test/lab6/04_func_redef.sy 
Line 19: function "error_func" being redefined
line:24 function call @func - matched type i32(i32)
line:24 function call @func - matched type i32(i32, i32, i32)
line:25 function call @error_func - matched type i32(i32)
line:25 function call @error_func - matched type i32(i32)